# JRE version: OpenJDK Runtime Environment (21.0.4) (build 21.0.4+-12508038-b607.1)
# Java VM: OpenJDK 64-Bit Server VM (21.0.4+-12508038-b607.1, mixed mode, tiered, compressed oops, compressed class ptrs, g1 gc, windows-amd64)
GC Precious Log:
 CardTable entry size: 512
 Card Set container configuration: InlinePtr #cards 5 size 8 Array Of Cards #cards 12 size 40 Howl #buckets 4 coarsen threshold 1843 Howl Bitmap #cards 512 size 80 coarsen threshold 460 Card regions per heap region 1 cards per card region 2048
 CPUs: 12 total, 12 available
 Memory: 7365M
 Large Page Support: Disabled
 NUMA Support: Disabled
 Compressed Oops: Enabled (32-bit)
 Heap Region Size: 1M
 Heap Min Capacity: 8M
 Heap Initial Capacity: 116M
 Heap Max Capacity: 2G
 Pre-touch: Disabled
 Parallel Workers: 10
 Concurrent Workers: 3
 Concurrent Refinement Workers: 10
 Periodic GC: Disabled
Heap:
 garbage-first heap   total 394240K, used 259284K [0x0000000080000000, 0x0000000100000000)
  region size 1024K, 26 young (26624K), 16 survivors (16384K)
 Metaspace       used 188472K, committed 191168K, reserved 1245184K
  class space    used 24059K, committed 25408K, reserved 1048576K
GC Heap History (20 events):
Event: 31.713 GC heap before
{Heap before GC invocations=60 (full 0):
 garbage-first heap   total 365568K, used 313284K [0x0000000080000000, 0x0000000100000000)
  region size 1024K, 101 young (103424K), 8 survivors (8192K)
 Metaspace       used 172742K, committed 175488K, reserved 1245184K
  class space    used 22247K, committed 23616K, reserved 1048576K
}
Event: 31.718 GC heap after
{Heap after GC invocations=61 (full 0):
 garbage-first heap   total 365568K, used 220861K [0x0000000080000000, 0x0000000100000000)
  region size 1024K, 8 young (8192K), 8 survivors (8192K)
 Metaspace       used 172742K, committed 175488K, reserved 1245184K
  class space    used 22247K, committed 23616K, reserved 1048576K
}
Event: 33.717 GC heap before
{Heap before GC invocations=61 (full 0):
 garbage-first heap   total 365568K, used 332477K [0x0000000080000000, 0x0000000100000000)
  region size 1024K, 117 young (119808K), 8 survivors (8192K)
 Metaspace       used 172743K, committed 175488K, reserved 1245184K
  class space    used 22247K, committed 23616K, reserved 1048576K
}
Event: 33.722 GC heap after
{Heap after GC invocations=62 (full 0):
 garbage-first heap   total 365568K, used 224486K [0x0000000080000000, 0x0000000100000000)
  region size 1024K, 12 young (12288K), 12 survivors (12288K)
 Metaspace       used 172743K, committed 175488K, reserved 1245184K
  class space    used 22247K, committed 23616K, reserved 1048576K
}
Event: 35.423 GC heap before
{Heap before GC invocations=62 (full 0):
 garbage-first heap   total 365568K, used 333030K [0x0000000080000000, 0x0000000100000000)
  region size 1024K, 118 young (120832K), 12 survivors (12288K)
 Metaspace       used 172744K, committed 175488K, reserved 1245184K
  class space    used 22247K, committed 23616K, reserved 1048576K
}
Event: 35.429 GC heap after
{Heap after GC invocations=63 (full 0):
 garbage-first heap   total 365568K, used 224163K [0x0000000080000000, 0x0000000100000000)
  region size 1024K, 11 young (11264K), 11 survivors (11264K)
 Metaspace       used 172744K, committed 175488K, reserved 1245184K
  class space    used 22247K, committed 23616K, reserved 1048576K
}
Event: 37.172 GC heap before
{Heap before GC invocations=63 (full 0):
 garbage-first heap   total 365568K, used 333731K [0x0000000080000000, 0x0000000100000000)
  region size 1024K, 118 young (120832K), 11 survivors (11264K)
 Metaspace       used 172744K, committed 175488K, reserved 1245184K
  class space    used 22247K, committed 23616K, reserved 1048576K
}
Event: 37.180 GC heap after
{Heap after GC invocations=64 (full 0):
 garbage-first heap   total 365568K, used 227251K [0x0000000080000000, 0x0000000100000000)
  region size 1024K, 10 young (10240K), 10 survivors (10240K)
 Metaspace       used 172744K, committed 175488K, reserved 1245184K
  class space    used 22247K, committed 23616K, reserved 1048576K
}
Event: 39.070 GC heap before
{Heap before GC invocations=65 (full 0):
 garbage-first heap   total 380928K, used 333747K [0x0000000080000000, 0x0000000100000000)
  region size 1024K, 114 young (116736K), 10 survivors (10240K)
 Metaspace       used 172744K, committed 175488K, reserved 1245184K
  class space    used 22247K, committed 23616K, reserved 1048576K
}
Event: 39.075 GC heap after
{Heap after GC invocations=66 (full 0):
 garbage-first heap   total 380928K, used 231558K [0x0000000080000000, 0x0000000100000000)
  region size 1024K, 10 young (10240K), 10 survivors (10240K)
 Metaspace       used 172744K, committed 175488K, reserved 1245184K
  class space    used 22247K, committed 23616K, reserved 1048576K
}
Event: 41.001 GC heap before
{Heap before GC invocations=66 (full 0):
 garbage-first heap   total 380928K, used 349318K [0x0000000080000000, 0x0000000100000000)
  region size 1024K, 125 young (128000K), 10 survivors (10240K)
 Metaspace       used 172744K, committed 175488K, reserved 1245184K
  class space    used 22247K, committed 23616K, reserved 1048576K
}
Event: 41.008 GC heap after
{Heap after GC invocations=67 (full 0):
 garbage-first heap   total 380928K, used 231536K [0x0000000080000000, 0x0000000100000000)
  region size 1024K, 10 young (10240K), 10 survivors (10240K)
 Metaspace       used 172744K, committed 175488K, reserved 1245184K
  class space    used 22247K, committed 23616K, reserved 1048576K
}
Event: 42.982 GC heap before
{Heap before GC invocations=67 (full 0):
 garbage-first heap   total 380928K, used 349296K [0x0000000080000000, 0x0000000100000000)
  region size 1024K, 125 young (128000K), 10 survivors (10240K)
 Metaspace       used 172745K, committed 175488K, reserved 1245184K
  class space    used 22247K, committed 23616K, reserved 1048576K
}
Event: 42.987 GC heap after
{Heap after GC invocations=68 (full 0):
 garbage-first heap   total 380928K, used 235924K [0x0000000080000000, 0x0000000100000000)
  region size 1024K, 10 young (10240K), 10 survivors (10240K)
 Metaspace       used 172745K, committed 175488K, reserved 1245184K
  class space    used 22247K, committed 23616K, reserved 1048576K
}
Event: 45.536 GC heap before
{Heap before GC invocations=69 (full 0):
 garbage-first heap   total 394240K, used 352660K [0x0000000080000000, 0x0000000100000000)
  region size 1024K, 121 young (123904K), 10 survivors (10240K)
 Metaspace       used 175487K, committed 178240K, reserved 1245184K
  class space    used 22480K, committed 23872K, reserved 1048576K
}
Event: 45.542 GC heap after
{Heap after GC invocations=70 (full 0):
 garbage-first heap   total 394240K, used 238758K [0x0000000080000000, 0x0000000100000000)
  region size 1024K, 10 young (10240K), 10 survivors (10240K)
 Metaspace       used 175487K, committed 178240K, reserved 1245184K
  class space    used 22480K, committed 23872K, reserved 1048576K
}
Event: 47.191 GC heap before
{Heap before GC invocations=70 (full 0):
 garbage-first heap   total 394240K, used 366758K [0x0000000080000000, 0x0000000100000000)
  region size 1024K, 131 young (134144K), 10 survivors (10240K)
 Metaspace       used 187034K, committed 189760K, reserved 1245184K
  class space    used 23895K, committed 25280K, reserved 1048576K
}
Event: 47.201 GC heap after
{Heap after GC invocations=71 (full 0):
 garbage-first heap   total 394240K, used 244246K [0x0000000080000000, 0x0000000100000000)
  region size 1024K, 17 young (17408K), 17 survivors (17408K)
 Metaspace       used 187034K, committed 189760K, reserved 1245184K
  class space    used 23895K, committed 25280K, reserved 1048576K
}
Event: 47.714 GC heap before
{Heap before GC invocations=71 (full 0):
 garbage-first heap   total 394240K, used 354838K [0x0000000080000000, 0x0000000100000000)
  region size 1024K, 126 young (129024K), 17 survivors (17408K)
 Metaspace       used 187995K, committed 190656K, reserved 1245184K
  class space    used 24000K, committed 25344K, reserved 1048576K
}
Event: 47.725 GC heap after
{Heap after GC invocations=72 (full 0):
 garbage-first heap   total 394240K, used 250068K [0x0000000080000000, 0x0000000100000000)
  region size 1024K, 16 young (16384K), 16 survivors (16384K)
 Metaspace       used 187995K, committed 190656K, reserved 1245184K
  class space    used 24000K, committed 25344K, reserved 1048576K
}

